2020-09-05 23:13:17.026949: I tensorflow/stream_executor/platform/default/dso_loader.cc:48] Successfully opened dynamic library libcudart.so.10.1

********************************************
Running on: cuda
********************************************

{'mode': 'train', 'bertPath': '../../models/latin_bert', 'tokenizerPath': '../../models/subword_tokenizer_latin/latin.subword.encoder', 'batch_prediction_file': None, 'input_prediction_file': None, 'output_prediction_file': None, 'trainFile': 'UD_Latin-ITTB/la_ittb-ud-train.conllu', 'testFile': None, 'devFile': 'UD_Latin-ITTB/la_ittb-ud-dev.conllu', 'tagFile': 'UD_Latin-ITTB/pos.tagset', 'modelFile': 'UD_Latin-ITTB/pos.model', 'metric': 'accuracy', 'max_epochs': None}
0
10
20
30
40
50
60
70
80
90
100
110
120
130
140
150
160
170
180
190
200
210
220
230
240
250
260
270
280
290
300
310
320
330
340
350
360
370
380
390
400
410
420
430
440
450
460
470
480
490
500
510
520
loss:  tensor(77.5123, device='cuda:0', grad_fn=<AddBackward0>)

***EVAL***

Accuracy: 0.982
0
10
20
30
40
50
60
70
80
90
100
110
120
130
140
150
160
170
180
190
200
210
220
230
240
250
260
270
280
290
300
310
320
330
340
350
360
370
380
390
400
410
420
430
440
450
460
470
480
490
500
510
520
loss:  tensor(19.8570, device='cuda:0', grad_fn=<AddBackward0>)

***EVAL***

Accuracy: 0.984
0
10
20
30
40
50
60
70
80
90
100
110
120
130
140
150
160
170
180
190
200
210
220
230
240
250
260
270
280
290
300
310
320
330
340
350
360
370
380
390
400
410
420
430
440
450
460
470
480
490
500
510
520
loss:  tensor(12.1723, device='cuda:0', grad_fn=<AddBackward0>)

***EVAL***

Accuracy: 0.985
0
10
20
30
40
50
60
70
80
90
100
110
120
130
140
150
160
170
180
190
200
210
220
230
240
250
260
270
280
290
300
310
320
330
340
350
360
370
380
390
400
410
420
430
440
450
460
470
480
490
500
510
520
loss:  tensor(8.0847, device='cuda:0', grad_fn=<AddBackward0>)

***EVAL***

Accuracy: 0.984
0
10
20
30
40
50
60
70
80
90
100
110
120
130
140
150
160
170
180
190
200
210
220
230
240
250
260
270
280
290
300
310
320
330
340
350
360
370
380
390
400
410
420
430
440
450
460
470
480
490
500
510
520
loss:  tensor(6.5739, device='cuda:0', grad_fn=<AddBackward0>)

***EVAL***

Accuracy: 0.984
0
10
20
30
40
50
60
70
80
90
100
110
120
130
140
150
160
170
180
190
200
210
220
230
240
250
260
270
280
290
300
310
320
330
340
350
360
370
380
390
400
410
420
430
440
450
460
470
480
490
500
510
520
loss:  tensor(5.4549, device='cuda:0', grad_fn=<AddBackward0>)

***EVAL***

Accuracy: 0.984
0
10
20
30
40
50
60
70
80
90
100
110
120
130
140
150
160
170
180
190
200
210
220
230
240
250
260
270
280
290
300
310
320
330
340
350
360
370
380
390
400
410
420
430
440
450
460
470
480
490
500
510
520
loss:  tensor(4.6442, device='cuda:0', grad_fn=<AddBackward0>)

***EVAL***

Accuracy: 0.984
0
10
20
30
40
50
60
70
80
90
100
110
120
130
140
150
160
170
180
190
200
210
220
230
240
250
260
270
280
290
300
310
320
330
340
350
360
370
380
390
400
410
420
430
440
450
460
470
480
490
500
510
520
loss:  tensor(3.5211, device='cuda:0', grad_fn=<AddBackward0>)

***EVAL***

Accuracy: 0.984
0
10
20
30
40
50
60
70
80
90
100
110
120
130
140
150
160
170
180
190
200
210
220
230
240
250
260
270
280
290
300
310
320
330
340
350
360
370
380
390
400
410
420
430
440
450
460
470
480
490
500
510
520
loss:  tensor(3.6912, device='cuda:0', grad_fn=<AddBackward0>)

***EVAL***

Accuracy: 0.984
0
10
20
30
40
50
60
70
80
90
100
110
120
130
140
150
160
170
180
190
200
210
220
230
240
250
260
270
280
290
300
310
320
330
340
350
360
370
380
390
400
410
420
430
440
450
460
470
480
490
500
510
520
loss:  tensor(2.8790, device='cuda:0', grad_fn=<AddBackward0>)

***EVAL***

Accuracy: 0.983
0
10
20
30
40
50
60
70
80
90
100
110
120
130
140
150
160
170
180
190
200
210
220
230
240
250
260
270
280
290
300
310
320
330
340
350
360
370
380
390
400
410
420
430
440
450
460
470
480
490
500
510
520
loss:  tensor(3.5463, device='cuda:0', grad_fn=<AddBackward0>)

***EVAL***

Accuracy: 0.984
0
10
20
30
40
50
60
70
80
90
100
110
120
130
140
150
160
170
180
190
200
210
220
230
240
250
260
270
280
290
300
310
320
330
340
350
360
370
380
390
400
410
420
430
440
450
460
470
480
490
500
510
520
loss:  tensor(2.2785, device='cuda:0', grad_fn=<AddBackward0>)

***EVAL***

Accuracy: 0.984
0
10
20
30
40
50
60
70
80
90
100
110
120
130
140
150
160
170
180
190
200
210
220
230
240
250
260
270
280
290
300
310
320
330
340
350
360
370
380
390
400
410
420
430
440
450
460
470
480
490
500
510
520
loss:  tensor(1.8967, device='cuda:0', grad_fn=<AddBackward0>)

***EVAL***

Accuracy: 0.984
0
10
20
30
40
50
60
70
80
90
100
110
120
130
140
150
160
170
180
190
200
210
220
230
240
250
260
270
280
290
300
310
320
330
340
350
360
370
380
390
400
410
420
430
440
450
460
470
480
490
500
510
520
loss:  tensor(2.4464, device='cuda:0', grad_fn=<AddBackward0>)

***EVAL***

Accuracy: 0.984
Stopping training at epoch 13
